[2022-07-10T16:38:10.379] [ERROR] archivoError - Error: Invalid login: 535 Incorrect authentication data
    at SMTPConnection._formatError (/home/rdonaire/Desktop/backend/node_modules/nodemailer/lib/smtp-connection/index.js:787:19)
    at SMTPConnection._actionAUTHComplete (/home/rdonaire/Desktop/backend/node_modules/nodemailer/lib/smtp-connection/index.js:1539:34)
    at SMTPConnection.<anonymous> (/home/rdonaire/Desktop/backend/node_modules/nodemailer/lib/smtp-connection/index.js:543:26)
    at SMTPConnection._processResponse (/home/rdonaire/Desktop/backend/node_modules/nodemailer/lib/smtp-connection/index.js:950:20)
    at SMTPConnection._onData (/home/rdonaire/Desktop/backend/node_modules/nodemailer/lib/smtp-connection/index.js:752:14)
    at SMTPConnection._onSocketData (/home/rdonaire/Desktop/backend/node_modules/nodemailer/lib/smtp-connection/index.js:191:44)
    at TLSSocket.emit (node:events:537:28)
    at addChunk (node:internal/streams/readable:324:12)
    at readableAddChunk (node:internal/streams/readable:297:9)
    at Readable.push (node:internal/streams/readable:234:10) {
  code: 'EAUTH',
  response: '535 Incorrect authentication data',
  responseCode: 535,
  command: 'AUTH PLAIN'
}
[2022-07-10T16:41:32.464] [ERROR] archivoError - Error: Invalid login: 535 Incorrect authentication data
    at SMTPConnection._formatError (/home/rdonaire/Desktop/backend/node_modules/nodemailer/lib/smtp-connection/index.js:787:19)
    at SMTPConnection._actionAUTHComplete (/home/rdonaire/Desktop/backend/node_modules/nodemailer/lib/smtp-connection/index.js:1539:34)
    at SMTPConnection.<anonymous> (/home/rdonaire/Desktop/backend/node_modules/nodemailer/lib/smtp-connection/index.js:543:26)
    at SMTPConnection._processResponse (/home/rdonaire/Desktop/backend/node_modules/nodemailer/lib/smtp-connection/index.js:950:20)
    at SMTPConnection._onData (/home/rdonaire/Desktop/backend/node_modules/nodemailer/lib/smtp-connection/index.js:752:14)
    at SMTPConnection._onSocketData (/home/rdonaire/Desktop/backend/node_modules/nodemailer/lib/smtp-connection/index.js:191:44)
    at TLSSocket.emit (node:events:537:28)
    at addChunk (node:internal/streams/readable:324:12)
    at readableAddChunk (node:internal/streams/readable:297:9)
    at Readable.push (node:internal/streams/readable:234:10) {
  code: 'EAUTH',
  response: '535 Incorrect authentication data',
  responseCode: 535,
  command: 'AUTH PLAIN'
}
