[2022-07-04T21:41:04.035] [WARN] archivoWarning - Recurso inexistente  /mensajes
[2022-07-04T21:41:05.488] [WARN] archivoWarning - Recurso inexistente  /favicon.ico
[2022-07-04T21:41:07.622] [WARN] archivoWarning - Recurso inexistente  /carrito
[2022-07-04T21:41:10.573] [WARN] archivoWarning - Recurso inexistente  /mensajes
[2022-07-04T21:41:12.006] [WARN] archivoWarning - Recurso inexistente  /favicon.ico
[2022-07-04T21:41:14.059] [WARN] archivoWarning - Recurso inexistente  /productos
[2022-07-04T21:41:14.882] [WARN] archivoWarning - Recurso inexistente  /favicon.ico
[2022-07-04T21:41:19.719] [WARN] archivoWarning - Recurso inexistente  /productos?
[2022-07-04T21:41:20.573] [WARN] archivoWarning - Recurso inexistente  /favicon.ico
[2022-07-04T21:43:17.214] [WARN] archivoWarning - Recurso inexistente  /
[2022-07-04T21:43:17.273] [WARN] archivoWarning - Recurso inexistente  /login
[2022-07-04T21:43:17.612] [WARN] archivoWarning - Recurso inexistente  /favicon.ico
[2022-07-04T21:43:20.776] [WARN] archivoWarning - Recurso inexistente  /login
[2022-07-04T21:43:21.328] [WARN] archivoWarning - Recurso inexistente  /
[2022-07-04T21:43:22.921] [WARN] archivoWarning - Recurso inexistente  /productos
[2022-07-04T21:43:23.396] [WARN] archivoWarning - Recurso inexistente  /favicon.ico
[2022-07-04T21:53:03.419] [WARN] archivoWarning - Recurso inexistente  /
[2022-07-04T21:53:03.669] [WARN] archivoWarning - Recurso inexistente  /login
[2022-07-04T21:53:04.081] [WARN] archivoWarning - Recurso inexistente  /favicon.ico
[2022-07-04T21:53:07.274] [WARN] archivoWarning - Recurso inexistente  /login
[2022-07-04T21:53:07.747] [WARN] archivoWarning - Recurso inexistente  /
[2022-07-04T21:53:08.166] [WARN] archivoWarning - Recurso inexistente  /favicon.ico
[2022-07-04T21:53:10.047] [WARN] archivoWarning - Recurso inexistente  /productos
[2022-07-04T21:53:10.532] [WARN] archivoWarning - Recurso inexistente  /favicon.ico
[2022-07-04T21:53:14.830] [WARN] archivoWarning - Recurso inexistente  /productos?
[2022-07-04T21:53:19.495] [WARN] archivoWarning - Recurso inexistente  /productos?
[2022-07-04T21:53:21.084] [WARN] archivoWarning - Recurso inexistente  /productos?
[2022-07-04T21:53:21.467] [WARN] archivoWarning - Recurso inexistente  /favicon.ico
[2022-07-04T21:53:22.138] [WARN] archivoWarning - Recurso inexistente  /productos?
[2022-07-04T21:53:24.005] [WARN] archivoWarning - Recurso inexistente  /productos?
[2022-07-04T21:55:40.119] [WARN] archivoWarning - Recurso inexistente  /
[2022-07-04T21:55:40.152] [WARN] archivoWarning - Recurso inexistente  /login
[2022-07-04T21:55:40.593] [WARN] archivoWarning - Recurso inexistente  /favicon.ico
[2022-07-04T21:55:43.806] [WARN] archivoWarning - Recurso inexistente  /login
[2022-07-04T21:55:44.239] [WARN] archivoWarning - Recurso inexistente  /
[2022-07-04T21:55:46.844] [WARN] archivoWarning - Recurso inexistente  /mensajes
[2022-07-04T21:55:48.636] [WARN] archivoWarning - Recurso inexistente  /productos
[2022-07-04T21:55:52.308] [WARN] archivoWarning - Recurso inexistente  /productos?
[2022-07-04T21:55:56.818] [WARN] archivoWarning - Recurso inexistente  /productos?
[2022-07-04T21:56:36.300] [WARN] archivoWarning - Recurso inexistente  /mensajes
[2022-07-04T21:56:36.343] [WARN] archivoWarning - Recurso inexistente  /login
[2022-07-04T21:56:39.900] [WARN] archivoWarning - Recurso inexistente  /login
[2022-07-04T21:56:40.596] [WARN] archivoWarning - Recurso inexistente  /
[2022-07-04T21:56:42.507] [WARN] archivoWarning - Recurso inexistente  /productos
[2022-07-04T21:57:07.758] [WARN] archivoWarning - Recurso inexistente  /
[2022-07-04T21:57:07.795] [WARN] archivoWarning - Recurso inexistente  /login
[2022-07-04T21:57:11.743] [WARN] archivoWarning - Recurso inexistente  /login
[2022-07-04T21:57:12.192] [WARN] archivoWarning - Recurso inexistente  /
[2022-07-04T21:57:13.923] [WARN] archivoWarning - Recurso inexistente  /mensajes
[2022-07-04T21:57:17.166] [WARN] archivoWarning - Recurso inexistente  /productos
[2022-07-04T21:58:20.861] [WARN] archivoWarning - Recurso inexistente  /
[2022-07-04T21:58:20.905] [WARN] archivoWarning - Recurso inexistente  /login
[2022-07-04T21:58:21.303] [WARN] archivoWarning - Recurso inexistente  /favicon.ico
[2022-07-04T21:58:25.340] [WARN] archivoWarning - Recurso inexistente  /login
[2022-07-04T21:58:25.788] [WARN] archivoWarning - Recurso inexistente  /
[2022-07-04T21:58:26.203] [WARN] archivoWarning - Recurso inexistente  /favicon.ico
[2022-07-04T21:58:27.372] [WARN] archivoWarning - Recurso inexistente  /productos
[2022-07-04T21:58:27.757] [WARN] archivoWarning - Recurso inexistente  /favicon.ico
[2022-07-04T21:58:30.599] [WARN] archivoWarning - Recurso inexistente  /productos?
[2022-07-04T22:01:34.252] [WARN] archivoWarning - Recurso inexistente  /
[2022-07-04T22:01:34.275] [WARN] archivoWarning - Recurso inexistente  /login
[2022-07-04T22:01:34.607] [WARN] archivoWarning - Recurso inexistente  /favicon.ico
[2022-07-04T22:01:37.858] [WARN] archivoWarning - Recurso inexistente  /login
[2022-07-04T22:01:38.311] [WARN] archivoWarning - Recurso inexistente  /
[2022-07-04T22:01:38.709] [WARN] archivoWarning - Recurso inexistente  /favicon.ico
[2022-07-04T22:01:40.497] [WARN] archivoWarning - Recurso inexistente  /productos
[2022-07-04T22:04:11.532] [WARN] archivoWarning - Recurso inexistente  /
[2022-07-04T22:04:11.582] [WARN] archivoWarning - Recurso inexistente  /login
[2022-07-04T22:04:11.918] [WARN] archivoWarning - Recurso inexistente  /favicon.ico
[2022-07-04T22:04:15.452] [WARN] archivoWarning - Recurso inexistente  /login
[2022-07-04T22:04:15.980] [WARN] archivoWarning - Recurso inexistente  /
[2022-07-04T22:04:16.440] [WARN] archivoWarning - Recurso inexistente  /favicon.ico
[2022-07-04T22:04:17.600] [WARN] archivoWarning - Recurso inexistente  /productos
[2022-07-04T22:04:17.977] [WARN] archivoWarning - Recurso inexistente  /favicon.ico
[2022-07-04T22:04:23.943] [WARN] archivoWarning - Recurso inexistente  /productos?
[2022-07-04T22:04:24.387] [WARN] archivoWarning - Recurso inexistente  /favicon.ico
[2022-07-04T22:04:28.195] [WARN] archivoWarning - Recurso inexistente  /productos?
[2022-07-04T22:04:28.834] [WARN] archivoWarning - Recurso inexistente  /favicon.ico
[2022-07-04T22:05:51.308] [WARN] archivoWarning - Recurso inexistente  /
[2022-07-04T22:05:51.406] [WARN] archivoWarning - Recurso inexistente  /login
[2022-07-04T22:05:51.892] [WARN] archivoWarning - Recurso inexistente  /favicon.ico
[2022-07-04T22:05:55.024] [WARN] archivoWarning - Recurso inexistente  /login
[2022-07-04T22:05:55.438] [WARN] archivoWarning - Recurso inexistente  /
[2022-07-04T22:05:57.659] [WARN] archivoWarning - Recurso inexistente  /mensajes
[2022-07-04T22:05:58.069] [WARN] archivoWarning - Recurso inexistente  /favicon.ico
[2022-07-04T22:05:59.929] [WARN] archivoWarning - Recurso inexistente  /productos
[2022-07-04T22:06:03.360] [WARN] archivoWarning - Recurso inexistente  /comprar
[2022-07-04T22:06:09.078] [WARN] archivoWarning - Recurso inexistente  /comprar
[2022-07-04T22:06:29.235] [WARN] archivoWarning - Recurso inexistente  /productos
[2022-07-04T22:06:29.268] [WARN] archivoWarning - Recurso inexistente  /login
[2022-07-04T22:06:29.616] [WARN] archivoWarning - Recurso inexistente  /favicon.ico
[2022-07-04T22:06:33.557] [WARN] archivoWarning - Recurso inexistente  /login
[2022-07-04T22:06:34.247] [WARN] archivoWarning - Recurso inexistente  /
[2022-07-04T22:06:34.685] [WARN] archivoWarning - Recurso inexistente  /favicon.ico
[2022-07-04T22:06:35.841] [WARN] archivoWarning - Recurso inexistente  /productos
[2022-07-04T22:06:41.062] [WARN] archivoWarning - Recurso inexistente  /comprar
[2022-07-04T22:06:41.267] [WARN] archivoWarning - Recurso inexistente  /favicon.ico
[2022-07-04T22:08:31.939] [WARN] archivoWarning - Recurso inexistente  /
[2022-07-04T22:08:31.995] [WARN] archivoWarning - Recurso inexistente  /login
[2022-07-04T22:08:32.323] [WARN] archivoWarning - Recurso inexistente  /favicon.ico
[2022-07-04T22:08:35.603] [WARN] archivoWarning - Recurso inexistente  /login
[2022-07-04T22:08:36.049] [WARN] archivoWarning - Recurso inexistente  /
[2022-07-04T22:08:37.593] [WARN] archivoWarning - Recurso inexistente  /productos
[2022-07-04T22:08:37.953] [WARN] archivoWarning - Recurso inexistente  /favicon.ico
[2022-07-04T22:08:47.390] [WARN] archivoWarning - Recurso inexistente  /routes/rutas.js/comprar
[2022-07-04T22:08:55.221] [WARN] archivoWarning - Recurso inexistente  /favicon.ico
[2022-07-04T22:09:10.418] [WARN] archivoWarning - Recurso inexistente  /routes/rutas.js/comprar
[2022-07-04T22:09:18.954] [WARN] archivoWarning - Recurso inexistente  /
[2022-07-04T22:09:18.984] [WARN] archivoWarning - Recurso inexistente  /login
[2022-07-04T22:09:20.502] [WARN] archivoWarning - Recurso inexistente  /login
[2022-07-04T22:09:23.994] [WARN] archivoWarning - Recurso inexistente  /login
[2022-07-04T22:09:24.453] [WARN] archivoWarning - Recurso inexistente  /
[2022-07-04T22:09:24.893] [WARN] archivoWarning - Recurso inexistente  /favicon.ico
[2022-07-04T22:09:25.954] [WARN] archivoWarning - Recurso inexistente  /productos
[2022-07-04T22:09:33.196] [WARN] archivoWarning - Recurso inexistente  /comprar
[2022-07-04T22:10:29.701] [WARN] archivoWarning - Recurso inexistente  /productos
[2022-07-04T22:10:29.754] [WARN] archivoWarning - Recurso inexistente  /login
[2022-07-04T22:10:33.956] [WARN] archivoWarning - Recurso inexistente  /login
[2022-07-04T22:10:34.477] [WARN] archivoWarning - Recurso inexistente  /
[2022-07-04T22:10:34.934] [WARN] archivoWarning - Recurso inexistente  /favicon.ico
[2022-07-04T22:10:36.774] [WARN] archivoWarning - Recurso inexistente  /productos
[2022-07-04T22:10:49.498] [WARN] archivoWarning - Recurso inexistente  /comprar
[2022-07-04T22:11:04.949] [WARN] archivoWarning - Recurso inexistente  /productos
[2022-07-04T22:11:05.008] [WARN] archivoWarning - Recurso inexistente  /login
[2022-07-04T22:11:05.581] [WARN] archivoWarning - Recurso inexistente  /favicon.ico
[2022-07-04T22:11:08.983] [WARN] archivoWarning - Recurso inexistente  /login
[2022-07-04T22:11:09.429] [WARN] archivoWarning - Recurso inexistente  /
[2022-07-04T22:11:09.791] [WARN] archivoWarning - Recurso inexistente  /favicon.ico
[2022-07-04T22:11:11.477] [WARN] archivoWarning - Recurso inexistente  /productos
[2022-07-04T22:11:14.684] [WARN] archivoWarning - Recurso inexistente  /comprar
[2022-07-04T22:11:54.130] [WARN] archivoWarning - Recurso inexistente  /comprar
[2022-07-04T22:11:54.158] [WARN] archivoWarning - Recurso inexistente  /login
[2022-07-04T22:12:03.723] [WARN] archivoWarning - Recurso inexistente  /login
[2022-07-04T22:12:04.181] [WARN] archivoWarning - Recurso inexistente  /
[2022-07-04T22:12:04.602] [WARN] archivoWarning - Recurso inexistente  /favicon.ico
[2022-07-04T22:12:05.841] [WARN] archivoWarning - Recurso inexistente  /productos
[2022-07-04T22:12:12.364] [WARN] archivoWarning - Recurso inexistente  /comprar
[2022-07-04T22:12:45.513] [WARN] archivoWarning - Recurso inexistente  /productos
[2022-07-04T22:12:45.555] [WARN] archivoWarning - Recurso inexistente  /login
[2022-07-04T22:13:04.039] [WARN] archivoWarning - Recurso inexistente  /login
[2022-07-04T22:13:04.737] [WARN] archivoWarning - Recurso inexistente  /
[2022-07-04T22:13:05.227] [WARN] archivoWarning - Recurso inexistente  /favicon.ico
[2022-07-04T22:13:06.301] [WARN] archivoWarning - Recurso inexistente  /productos
[2022-07-04T22:13:06.800] [WARN] archivoWarning - Recurso inexistente  /favicon.ico
[2022-07-04T22:13:09.076] [WARN] archivoWarning - Recurso inexistente  /comprar
[2022-07-04T22:13:51.847] [WARN] archivoWarning - Recurso inexistente  /
[2022-07-04T22:13:51.903] [WARN] archivoWarning - Recurso inexistente  /login
[2022-07-04T22:13:55.793] [WARN] archivoWarning - Recurso inexistente  /login
[2022-07-04T22:13:56.493] [WARN] archivoWarning - Recurso inexistente  /
[2022-07-04T22:13:56.938] [WARN] archivoWarning - Recurso inexistente  /favicon.ico
[2022-07-04T22:13:58.172] [WARN] archivoWarning - Recurso inexistente  /productos
[2022-07-04T22:14:01.794] [WARN] archivoWarning - Recurso inexistente  /comprar
[2022-07-04T22:19:01.923] [WARN] archivoWarning - Recurso inexistente  /favicon.ico
[2022-07-04T22:20:33.997] [WARN] archivoWarning - Recurso inexistente  /productos
[2022-07-04T22:20:34.059] [WARN] archivoWarning - Recurso inexistente  /login
[2022-07-04T22:20:34.815] [WARN] archivoWarning - Recurso inexistente  /favicon.ico
[2022-07-04T22:20:43.361] [WARN] archivoWarning - Recurso inexistente  /login
[2022-07-04T22:20:43.875] [WARN] archivoWarning - Recurso inexistente  /
[2022-07-04T22:20:44.839] [WARN] archivoWarning - Recurso inexistente  /favicon.ico
[2022-07-04T22:20:48.564] [WARN] archivoWarning - Recurso inexistente  /productos
[2022-07-04T22:20:49.162] [WARN] archivoWarning - Recurso inexistente  /favicon.ico
[2022-07-04T22:21:49.301] [WARN] archivoWarning - Recurso inexistente  /productos
[2022-07-04T22:21:49.397] [WARN] archivoWarning - Recurso inexistente  /login
[2022-07-04T22:21:50.244] [WARN] archivoWarning - Recurso inexistente  /favicon.ico
[2022-07-04T22:21:54.396] [WARN] archivoWarning - Recurso inexistente  /login
[2022-07-04T22:21:54.821] [WARN] archivoWarning - Recurso inexistente  /
[2022-07-04T22:21:55.327] [WARN] archivoWarning - Recurso inexistente  /favicon.ico
[2022-07-04T22:21:56.513] [WARN] archivoWarning - Recurso inexistente  /productos
[2022-07-04T22:21:57.369] [WARN] archivoWarning - Recurso inexistente  /favicon.ico
[2022-07-04T22:22:16.283] [WARN] archivoWarning - Recurso inexistente  /comprar
[2022-07-04T22:22:49.311] [WARN] archivoWarning - Recurso inexistente  /productos
[2022-07-04T22:22:49.398] [WARN] archivoWarning - Recurso inexistente  /login
[2022-07-04T22:22:50.691] [WARN] archivoWarning - Recurso inexistente  /favicon.ico
[2022-07-04T22:22:55.206] [WARN] archivoWarning - Recurso inexistente  /login
[2022-07-04T22:22:55.895] [WARN] archivoWarning - Recurso inexistente  /
[2022-07-04T22:22:56.317] [WARN] archivoWarning - Recurso inexistente  /favicon.ico
[2022-07-04T22:22:57.692] [WARN] archivoWarning - Recurso inexistente  /carrito
[2022-07-04T22:22:59.226] [WARN] archivoWarning - Recurso inexistente  /
[2022-07-04T22:23:00.418] [WARN] archivoWarning - Recurso inexistente  /favicon.ico
[2022-07-04T22:23:01.284] [WARN] archivoWarning - Recurso inexistente  /productos
[2022-07-04T22:23:01.981] [WARN] archivoWarning - Recurso inexistente  /favicon.ico
[2022-07-04T22:23:06.305] [WARN] archivoWarning - Recurso inexistente  /comprar
[2022-07-04T22:23:06.598] [WARN] archivoWarning - Recurso inexistente  /favicon.ico
[2022-07-04T22:24:20.419] [WARN] archivoWarning - Recurso inexistente  /productos
[2022-07-04T22:24:20.464] [WARN] archivoWarning - Recurso inexistente  /login
[2022-07-04T22:24:21.142] [WARN] archivoWarning - Recurso inexistente  /favicon.ico
[2022-07-04T22:24:21.430] [WARN] archivoWarning - Recurso inexistente  /
[2022-07-04T22:24:21.496] [WARN] archivoWarning - Recurso inexistente  /login
[2022-07-04T22:24:22.201] [WARN] archivoWarning - Recurso inexistente  /favicon.ico
[2022-07-04T22:24:25.447] [WARN] archivoWarning - Recurso inexistente  /login
[2022-07-04T22:24:25.883] [WARN] archivoWarning - Recurso inexistente  /
[2022-07-04T22:24:26.326] [WARN] archivoWarning - Recurso inexistente  /favicon.ico
[2022-07-04T22:24:28.522] [WARN] archivoWarning - Recurso inexistente  /productos
[2022-07-04T22:24:29.204] [WARN] archivoWarning - Recurso inexistente  /favicon.ico
[2022-07-04T22:25:54.584] [WARN] archivoWarning - Recurso inexistente  /comprar
[2022-07-04T22:25:54.828] [WARN] archivoWarning - Recurso inexistente  /favicon.ico
[2022-07-04T22:30:15.286] [WARN] archivoWarning - Recurso inexistente  /productos
[2022-07-04T22:30:15.347] [WARN] archivoWarning - Recurso inexistente  /login
[2022-07-04T22:30:15.710] [WARN] archivoWarning - Recurso inexistente  /favicon.ico
[2022-07-04T22:30:19.301] [WARN] archivoWarning - Recurso inexistente  /login
[2022-07-04T22:30:19.989] [WARN] archivoWarning - Recurso inexistente  /
[2022-07-04T22:30:20.658] [WARN] archivoWarning - Recurso inexistente  /favicon.ico
[2022-07-04T22:30:21.526] [WARN] archivoWarning - Recurso inexistente  /carrito
[2022-07-04T22:30:23.426] [WARN] archivoWarning - Recurso inexistente  /
[2022-07-04T22:30:24.278] [WARN] archivoWarning - Recurso inexistente  /favicon.ico
[2022-07-04T22:30:25.022] [WARN] archivoWarning - Recurso inexistente  /productos
[2022-07-04T22:30:26.048] [WARN] archivoWarning - Recurso inexistente  /favicon.ico
[2022-07-04T22:30:30.097] [WARN] archivoWarning - Recurso inexistente  /comprar
[2022-07-04T22:30:30.359] [WARN] archivoWarning - Recurso inexistente  /favicon.ico
[2022-07-04T22:31:01.198] [WARN] archivoWarning - Recurso inexistente  /productos
[2022-07-04T22:31:01.975] [WARN] archivoWarning - Recurso inexistente  /favicon.ico
[2022-07-04T22:31:07.423] [WARN] archivoWarning - Recurso inexistente  /comprar
[2022-07-04T22:31:07.725] [WARN] archivoWarning - Recurso inexistente  /favicon.ico
[2022-07-04T22:31:35.899] [WARN] archivoWarning - Recurso inexistente  /productos
[2022-07-04T22:31:36.609] [WARN] archivoWarning - Recurso inexistente  /favicon.ico
[2022-07-04T22:38:38.140] [WARN] archivoWarning - Recurso inexistente  /
[2022-07-04T22:38:38.195] [WARN] archivoWarning - Recurso inexistente  /login
[2022-07-04T22:38:39.018] [WARN] archivoWarning - Recurso inexistente  /favicon.ico
[2022-07-04T22:38:41.786] [WARN] archivoWarning - Recurso inexistente  /login
[2022-07-04T22:38:42.221] [WARN] archivoWarning - Recurso inexistente  /
[2022-07-04T22:38:42.701] [WARN] archivoWarning - Recurso inexistente  /favicon.ico
[2022-07-04T22:38:44.034] [WARN] archivoWarning - Recurso inexistente  /productos
[2022-07-04T22:38:44.803] [WARN] archivoWarning - Recurso inexistente  /favicon.ico
[2022-07-04T22:38:48.093] [WARN] archivoWarning - Recurso inexistente  /comprar
[2022-07-04T22:39:08.701] [WARN] archivoWarning - Recurso inexistente  /productos
[2022-07-04T22:39:08.780] [WARN] archivoWarning - Recurso inexistente  /login
[2022-07-04T22:39:09.467] [WARN] archivoWarning - Recurso inexistente  /favicon.ico
[2022-07-04T22:39:13.188] [WARN] archivoWarning - Recurso inexistente  /login
[2022-07-04T22:39:13.666] [WARN] archivoWarning - Recurso inexistente  /
[2022-07-04T22:39:14.352] [WARN] archivoWarning - Recurso inexistente  /favicon.ico
[2022-07-04T22:39:16.060] [WARN] archivoWarning - Recurso inexistente  /productos
[2022-07-04T22:39:16.995] [WARN] archivoWarning - Recurso inexistente  /favicon.ico
[2022-07-04T22:39:20.212] [WARN] archivoWarning - Recurso inexistente  /comprar
[2022-07-04T22:39:20.616] [WARN] archivoWarning - Recurso inexistente  /favicon.ico
[2022-07-04T22:53:25.465] [WARN] archivoWarning - Recurso inexistente  /productos
[2022-07-04T22:53:25.508] [WARN] archivoWarning - Recurso inexistente  /login
[2022-07-04T22:53:26.729] [WARN] archivoWarning - Recurso inexistente  /favicon.ico
[2022-07-04T22:58:41.543] [WARN] archivoWarning - Recurso inexistente  /login
[2022-07-04T22:58:41.942] [WARN] archivoWarning - Recurso inexistente  /login
[2022-07-04T22:58:42.424] [WARN] archivoWarning - Recurso inexistente  /favicon.ico
[2022-07-04T22:58:47.123] [WARN] archivoWarning - Recurso inexistente  /login
[2022-07-04T22:58:47.524] [WARN] archivoWarning - Recurso inexistente  /
[2022-07-04T22:58:48.551] [WARN] archivoWarning - Recurso inexistente  /favicon.ico
[2022-07-04T22:58:51.220] [WARN] archivoWarning - Recurso inexistente  /productos
[2022-07-04T22:58:51.951] [WARN] archivoWarning - Recurso inexistente  /favicon.ico
[2022-07-04T22:58:57.123] [WARN] archivoWarning - Recurso inexistente  /comprar
[2022-07-04T22:59:37.468] [WARN] archivoWarning - Recurso inexistente  /productos
[2022-07-04T22:59:38.257] [WARN] archivoWarning - Recurso inexistente  /favicon.ico
[2022-07-04T22:59:38.747] [WARN] archivoWarning - Recurso inexistente  /
[2022-07-04T22:59:40.136] [WARN] archivoWarning - Recurso inexistente  /favicon.ico
[2022-07-05T17:11:03.930] [WARN] archivoWarning - Recurso inexistente  /
[2022-07-05T17:11:04.065] [WARN] archivoWarning - Recurso inexistente  /login
[2022-07-05T17:11:04.749] [WARN] archivoWarning - Recurso inexistente  /favicon.ico
[2022-07-05T17:11:29.902] [WARN] archivoWarning - Recurso inexistente  /login
[2022-07-05T17:11:30.463] [WARN] archivoWarning - Recurso inexistente  /
[2022-07-05T17:11:31.132] [WARN] archivoWarning - Recurso inexistente  /favicon.ico
[2022-07-05T17:11:39.277] [WARN] archivoWarning - Recurso inexistente  /mensajes
[2022-07-05T17:11:39.927] [WARN] archivoWarning - Recurso inexistente  /favicon.ico
[2022-07-05T17:11:42.217] [WARN] archivoWarning - Recurso inexistente  /productos
[2022-07-05T17:11:46.873] [WARN] archivoWarning - Recurso inexistente  /comprar
[2022-07-05T17:11:51.510] [WARN] archivoWarning - Recurso inexistente  /favicon.ico
[2022-07-05T17:21:23.365] [WARN] archivoWarning - Recurso inexistente  /
[2022-07-05T17:21:23.416] [WARN] archivoWarning - Recurso inexistente  /login
[2022-07-05T17:21:23.867] [WARN] archivoWarning - Recurso inexistente  /favicon.ico
[2022-07-05T17:21:27.384] [WARN] archivoWarning - Recurso inexistente  /login
[2022-07-05T17:21:27.804] [WARN] archivoWarning - Recurso inexistente  /
[2022-07-05T17:21:30.405] [WARN] archivoWarning - Recurso inexistente  /productos
[2022-07-05T17:21:30.851] [WARN] archivoWarning - Recurso inexistente  /favicon.ico
[2022-07-05T17:24:34.543] [WARN] archivoWarning - Recurso inexistente  /
[2022-07-05T17:24:34.628] [WARN] archivoWarning - Recurso inexistente  /login
[2022-07-05T17:24:39.211] [WARN] archivoWarning - Recurso inexistente  /login
[2022-07-05T17:24:39.657] [WARN] archivoWarning - Recurso inexistente  /
[2022-07-05T17:24:40.070] [WARN] archivoWarning - Recurso inexistente  /favicon.ico
[2022-07-05T17:24:41.737] [WARN] archivoWarning - Recurso inexistente  /productos
[2022-07-05T17:29:05.335] [WARN] archivoWarning - Recurso inexistente  /mensajes
[2022-07-05T17:29:05.415] [WARN] archivoWarning - Recurso inexistente  /login
[2022-07-05T17:29:06.056] [WARN] archivoWarning - Recurso inexistente  /favicon.ico
[2022-07-05T17:29:06.918] [WARN] archivoWarning - Recurso inexistente  /registro
[2022-07-05T17:29:07.697] [WARN] archivoWarning - Recurso inexistente  /favicon.ico
[2022-07-05T17:29:07.982] [WARN] archivoWarning - Recurso inexistente  /login
[2022-07-05T17:29:08.769] [WARN] archivoWarning - Recurso inexistente  /favicon.ico
[2022-07-05T17:29:11.516] [WARN] archivoWarning - Recurso inexistente  /login
[2022-07-05T17:29:11.968] [WARN] archivoWarning - Recurso inexistente  /
[2022-07-05T17:29:12.628] [WARN] archivoWarning - Recurso inexistente  /favicon.ico
[2022-07-05T17:29:14.255] [WARN] archivoWarning - Recurso inexistente  /productos
[2022-07-05T17:29:15.101] [WARN] archivoWarning - Recurso inexistente  /favicon.ico
[2022-07-05T17:33:54.806] [WARN] archivoWarning - Recurso inexistente  /
[2022-07-05T17:33:54.835] [WARN] archivoWarning - Recurso inexistente  /login
[2022-07-05T17:33:55.594] [WARN] archivoWarning - Recurso inexistente  /favicon.ico
[2022-07-05T17:33:59.025] [WARN] archivoWarning - Recurso inexistente  /login
[2022-07-05T17:33:59.821] [WARN] archivoWarning - Recurso inexistente  /
[2022-07-05T17:34:00.627] [WARN] archivoWarning - Recurso inexistente  /favicon.ico
[2022-07-05T17:34:02.297] [WARN] archivoWarning - Recurso inexistente  /productos
[2022-07-05T17:34:03.011] [WARN] archivoWarning - Recurso inexistente  /favicon.ico
[2022-07-05T17:35:14.321] [WARN] archivoWarning - Recurso inexistente  /productos
[2022-07-05T17:35:14.357] [WARN] archivoWarning - Recurso inexistente  /login
[2022-07-05T17:35:14.854] [WARN] archivoWarning - Recurso inexistente  /favicon.ico
[2022-07-05T17:35:18.558] [WARN] archivoWarning - Recurso inexistente  /login
[2022-07-05T17:35:18.972] [WARN] archivoWarning - Recurso inexistente  /
[2022-07-05T17:35:19.644] [WARN] archivoWarning - Recurso inexistente  /favicon.ico
[2022-07-05T17:35:21.011] [WARN] archivoWarning - Recurso inexistente  /productos
[2022-07-05T17:35:21.502] [WARN] archivoWarning - Recurso inexistente  /favicon.ico
[2022-07-05T17:37:54.675] [WARN] archivoWarning - Recurso inexistente  /carrito
[2022-07-05T17:37:56.114] [WARN] archivoWarning - Recurso inexistente  /productos
[2022-07-05T17:37:56.272] [WARN] archivoWarning - Recurso inexistente  /login
[2022-07-05T17:37:56.886] [WARN] archivoWarning - Recurso inexistente  /favicon.ico
[2022-07-05T17:37:59.696] [WARN] archivoWarning - Recurso inexistente  /login
[2022-07-05T17:38:00.117] [WARN] archivoWarning - Recurso inexistente  /
[2022-07-05T17:38:00.653] [WARN] archivoWarning - Recurso inexistente  /favicon.ico
[2022-07-05T17:38:01.946] [WARN] archivoWarning - Recurso inexistente  /productos
[2022-07-05T17:38:02.506] [WARN] archivoWarning - Recurso inexistente  /favicon.ico
[2022-07-05T17:40:24.832] [WARN] archivoWarning - Recurso inexistente  /mensajes
[2022-07-05T17:40:24.881] [WARN] archivoWarning - Recurso inexistente  /login
[2022-07-05T17:40:25.326] [WARN] archivoWarning - Recurso inexistente  /favicon.ico
[2022-07-05T17:40:28.366] [WARN] archivoWarning - Recurso inexistente  /login
[2022-07-05T17:40:28.778] [WARN] archivoWarning - Recurso inexistente  /
[2022-07-05T17:40:29.360] [WARN] archivoWarning - Recurso inexistente  /favicon.ico
[2022-07-05T17:40:30.671] [WARN] archivoWarning - Recurso inexistente  /productos
[2022-07-05T17:40:31.379] [WARN] archivoWarning - Recurso inexistente  /favicon.ico
[2022-07-05T17:40:35.376] [WARN] archivoWarning - Recurso inexistente  /comprar
[2022-07-05T17:40:37.486] [WARN] archivoWarning - Recurso inexistente  /productos
[2022-07-05T17:40:37.931] [WARN] archivoWarning - Recurso inexistente  /favicon.ico
[2022-07-05T17:42:22.494] [WARN] archivoWarning - Recurso inexistente  /productos
[2022-07-05T17:42:22.545] [WARN] archivoWarning - Recurso inexistente  /login
[2022-07-05T17:42:23.409] [WARN] archivoWarning - Recurso inexistente  /favicon.ico
[2022-07-05T17:42:25.765] [WARN] archivoWarning - Recurso inexistente  /login
[2022-07-05T17:42:26.184] [WARN] archivoWarning - Recurso inexistente  /
[2022-07-05T17:42:27.029] [WARN] archivoWarning - Recurso inexistente  /favicon.ico
[2022-07-05T17:42:27.541] [WARN] archivoWarning - Recurso inexistente  /productos
[2022-07-05T17:42:28.582] [WARN] archivoWarning - Recurso inexistente  /favicon.ico
[2022-07-05T17:42:31.330] [WARN] archivoWarning - Recurso inexistente  /comprar
[2022-07-05T17:49:30.489] [WARN] archivoWarning - Recurso inexistente  /comprar
[2022-07-05T17:49:30.559] [WARN] archivoWarning - Recurso inexistente  /login
[2022-07-05T17:49:30.988] [WARN] archivoWarning - Recurso inexistente  /favicon.ico
[2022-07-05T17:49:34.853] [WARN] archivoWarning - Recurso inexistente  /login
[2022-07-05T17:49:35.304] [WARN] archivoWarning - Recurso inexistente  /
[2022-07-05T17:49:35.739] [WARN] archivoWarning - Recurso inexistente  /favicon.ico
[2022-07-05T17:49:37.590] [WARN] archivoWarning - Recurso inexistente  /productos
[2022-07-05T17:49:38.326] [WARN] archivoWarning - Recurso inexistente  /favicon.ico
[2022-07-05T17:53:57.462] [WARN] archivoWarning - Recurso inexistente  /
[2022-07-05T17:53:57.533] [WARN] archivoWarning - Recurso inexistente  /login
[2022-07-05T17:53:58.254] [WARN] archivoWarning - Recurso inexistente  /favicon.ico
[2022-07-05T17:54:03.142] [WARN] archivoWarning - Recurso inexistente  /login
[2022-07-05T17:54:03.553] [WARN] archivoWarning - Recurso inexistente  /
[2022-07-05T17:54:04.210] [WARN] archivoWarning - Recurso inexistente  /favicon.ico
[2022-07-05T17:54:05.843] [WARN] archivoWarning - Recurso inexistente  /productos
[2022-07-05T17:54:06.443] [WARN] archivoWarning - Recurso inexistente  /favicon.ico
[2022-07-05T17:54:11.929] [WARN] archivoWarning - Recurso inexistente  /comprar
[2022-07-05T17:55:39.555] [WARN] archivoWarning - Recurso inexistente  /productos
[2022-07-05T17:55:39.606] [WARN] archivoWarning - Recurso inexistente  /login
[2022-07-05T17:55:40.037] [WARN] archivoWarning - Recurso inexistente  /favicon.ico
[2022-07-05T17:55:43.508] [WARN] archivoWarning - Recurso inexistente  /login
[2022-07-05T17:55:43.922] [WARN] archivoWarning - Recurso inexistente  /
[2022-07-05T17:55:44.307] [WARN] archivoWarning - Recurso inexistente  /favicon.ico
[2022-07-05T17:55:46.012] [WARN] archivoWarning - Recurso inexistente  /productos
[2022-07-05T17:55:46.655] [WARN] archivoWarning - Recurso inexistente  /favicon.ico
[2022-07-05T17:55:49.970] [WARN] archivoWarning - Recurso inexistente  /comprar
[2022-07-05T17:58:41.208] [WARN] archivoWarning - Recurso inexistente  /
[2022-07-05T17:58:41.674] [WARN] archivoWarning - Recurso inexistente  /favicon.ico
[2022-07-05T17:58:43.186] [WARN] archivoWarning - Recurso inexistente  /productos
[2022-07-05T17:58:46.097] [WARN] archivoWarning - Recurso inexistente  /comprar
[2022-07-05T18:00:02.471] [WARN] archivoWarning - Recurso inexistente  /productos
[2022-07-05T18:00:02.769] [WARN] archivoWarning - Recurso inexistente  /login
[2022-07-05T18:01:35.127] [WARN] archivoWarning - Recurso inexistente  /mensajes
[2022-07-05T18:01:35.173] [WARN] archivoWarning - Recurso inexistente  /login
[2022-07-05T18:01:35.502] [WARN] archivoWarning - Recurso inexistente  /favicon.ico
[2022-07-05T18:01:38.897] [WARN] archivoWarning - Recurso inexistente  /login
[2022-07-05T18:01:39.319] [WARN] archivoWarning - Recurso inexistente  /
[2022-07-05T18:01:41.304] [WARN] archivoWarning - Recurso inexistente  /productos
[2022-07-05T18:01:44.796] [WARN] archivoWarning - Recurso inexistente  /comprar
[2022-07-05T18:02:14.788] [WARN] archivoWarning - Recurso inexistente  /mensajes
[2022-07-05T18:02:14.820] [WARN] archivoWarning - Recurso inexistente  /login
[2022-07-05T18:02:18.775] [WARN] archivoWarning - Recurso inexistente  /login
[2022-07-05T18:02:19.175] [WARN] archivoWarning - Recurso inexistente  /
[2022-07-05T18:02:21.071] [WARN] archivoWarning - Recurso inexistente  /productos
[2022-07-05T18:02:24.836] [WARN] archivoWarning - Recurso inexistente  /comprar
[2022-07-05T18:02:42.387] [WARN] archivoWarning - Recurso inexistente  /mensajes
[2022-07-05T18:02:42.450] [WARN] archivoWarning - Recurso inexistente  /login
[2022-07-05T18:02:46.205] [WARN] archivoWarning - Recurso inexistente  /login
[2022-07-05T18:02:46.619] [WARN] archivoWarning - Recurso inexistente  /
[2022-07-05T18:02:47.097] [WARN] archivoWarning - Recurso inexistente  /favicon.ico
[2022-07-05T18:02:48.287] [WARN] archivoWarning - Recurso inexistente  /productos
[2022-07-05T18:02:48.742] [WARN] archivoWarning - Recurso inexistente  /favicon.ico
[2022-07-05T18:02:50.867] [WARN] archivoWarning - Recurso inexistente  /comprar
[2022-07-05T18:03:40.193] [WARN] archivoWarning - Recurso inexistente  /favicon.ico
[2022-07-05T18:14:33.003] [WARN] archivoWarning - Recurso inexistente  /
[2022-07-05T18:14:33.020] [WARN] archivoWarning - Recurso inexistente  /login
[2022-07-05T18:14:33.247] [WARN] archivoWarning - Recurso inexistente  /favicon.ico
[2022-07-05T18:14:36.576] [WARN] archivoWarning - Recurso inexistente  /login
[2022-07-05T18:14:37.000] [WARN] archivoWarning - Recurso inexistente  /
[2022-07-05T18:14:37.302] [WARN] archivoWarning - Recurso inexistente  /favicon.ico
[2022-07-05T18:14:38.428] [WARN] archivoWarning - Recurso inexistente  /productos
[2022-07-05T18:14:39.036] [WARN] archivoWarning - Recurso inexistente  /$%7Belement.thumbnail%7D
[2022-07-05T18:14:43.334] [WARN] archivoWarning - Recurso inexistente  /comprar
[2022-07-05T18:16:32.511] [WARN] archivoWarning - Recurso inexistente  /mensajes
[2022-07-05T18:16:32.580] [WARN] archivoWarning - Recurso inexistente  /login
[2022-07-05T18:16:35.460] [WARN] archivoWarning - Recurso inexistente  /login
[2022-07-05T18:16:35.961] [WARN] archivoWarning - Recurso inexistente  /
[2022-07-05T18:16:39.751] [WARN] archivoWarning - Recurso inexistente  /productos
[2022-07-05T18:16:40.231] [WARN] archivoWarning - Recurso inexistente  /favicon.ico
[2022-07-05T18:16:40.382] [WARN] archivoWarning - Recurso inexistente  /%60$%7Belement.thumbnail%7D%60
[2022-07-05T18:17:38.058] [WARN] archivoWarning - Recurso inexistente  /productos
[2022-07-05T18:17:38.083] [WARN] archivoWarning - Recurso inexistente  /login
[2022-07-05T18:17:41.325] [WARN] archivoWarning - Recurso inexistente  /login
[2022-07-05T18:17:41.738] [WARN] archivoWarning - Recurso inexistente  /
[2022-07-05T18:17:43.307] [WARN] archivoWarning - Recurso inexistente  /productos
[2022-07-05T18:17:43.736] [WARN] archivoWarning - Recurso inexistente  /favicon.ico
[2022-07-05T18:17:44.078] [WARN] archivoWarning - Recurso inexistente  /$%7Belement.thumbnail%7D
[2022-07-05T18:19:24.833] [WARN] archivoWarning - Recurso inexistente  /$%7Belement.thumbnail%7D
[2022-07-05T18:19:30.730] [WARN] archivoWarning - Recurso inexistente  /productos
[2022-07-05T18:19:30.813] [WARN] archivoWarning - Recurso inexistente  /login
[2022-07-05T18:20:03.831] [WARN] archivoWarning - Recurso inexistente  /$%7Belement.thumbnail%7D
[2022-07-05T18:23:42.949] [WARN] archivoWarning - Recurso inexistente  /$%7Belement.thumbnail%7D
[2022-07-05T18:23:43.932] [WARN] archivoWarning - Recurso inexistente  /
[2022-07-05T18:23:43.973] [WARN] archivoWarning - Recurso inexistente  /login
[2022-07-05T18:23:47.607] [WARN] archivoWarning - Recurso inexistente  /login
[2022-07-05T18:23:48.047] [WARN] archivoWarning - Recurso inexistente  /
[2022-07-05T18:23:48.664] [WARN] archivoWarning - Recurso inexistente  /favicon.ico
[2022-07-05T18:23:50.265] [WARN] archivoWarning - Recurso inexistente  /productos
[2022-07-05T18:24:02.011] [WARN] archivoWarning - Recurso inexistente  /productos
[2022-07-05T18:24:02.267] [WARN] archivoWarning - Recurso inexistente  /login
[2022-07-05T18:25:05.511] [WARN] archivoWarning - Recurso inexistente  /productos
[2022-07-05T18:25:05.585] [WARN] archivoWarning - Recurso inexistente  /login
[2022-07-05T18:25:06.188] [WARN] archivoWarning - Recurso inexistente  /favicon.ico
[2022-07-05T18:25:09.583] [WARN] archivoWarning - Recurso inexistente  /login
[2022-07-05T18:25:10.417] [WARN] archivoWarning - Recurso inexistente  /
[2022-07-05T18:25:10.916] [WARN] archivoWarning - Recurso inexistente  /favicon.ico
[2022-07-05T18:25:12.398] [WARN] archivoWarning - Recurso inexistente  /productos
[2022-07-05T18:25:13.013] [WARN] archivoWarning - Recurso inexistente  /favicon.ico
[2022-07-05T18:25:52.905] [WARN] archivoWarning - Recurso inexistente  /mensajes
[2022-07-05T18:25:52.946] [WARN] archivoWarning - Recurso inexistente  /login
[2022-07-05T18:25:53.402] [WARN] archivoWarning - Recurso inexistente  /favicon.ico
[2022-07-05T18:25:56.124] [WARN] archivoWarning - Recurso inexistente  /login
[2022-07-05T18:25:56.535] [WARN] archivoWarning - Recurso inexistente  /
[2022-07-05T18:25:57.608] [WARN] archivoWarning - Recurso inexistente  /favicon.ico
[2022-07-05T18:25:59.215] [WARN] archivoWarning - Recurso inexistente  /productos
[2022-07-05T18:25:59.887] [WARN] archivoWarning - Recurso inexistente  /favicon.ico
[2022-07-05T18:30:03.387] [WARN] archivoWarning - Recurso inexistente  /productos
[2022-07-05T18:30:03.427] [WARN] archivoWarning - Recurso inexistente  /login
[2022-07-05T18:30:04.079] [WARN] archivoWarning - Recurso inexistente  /favicon.ico
[2022-07-05T18:30:07.362] [WARN] archivoWarning - Recurso inexistente  /login
[2022-07-05T18:30:07.775] [WARN] archivoWarning - Recurso inexistente  /
[2022-07-05T18:30:08.195] [WARN] archivoWarning - Recurso inexistente  /favicon.ico
[2022-07-05T18:30:09.497] [WARN] archivoWarning - Recurso inexistente  /productos
[2022-07-05T18:30:10.839] [WARN] archivoWarning - Recurso inexistente  /favicon.ico
[2022-07-05T18:31:50.908] [WARN] archivoWarning - Recurso inexistente  /comprar
[2022-07-05T18:31:54.762] [WARN] archivoWarning - Recurso inexistente  /favicon.ico
[2022-07-05T18:32:47.291] [WARN] archivoWarning - Recurso inexistente  /comprar
[2022-07-05T18:32:56.042] [WARN] archivoWarning - Recurso inexistente  /favicon.ico
[2022-07-05T18:33:59.634] [WARN] archivoWarning - Recurso inexistente  /
[2022-07-05T18:34:00.349] [WARN] archivoWarning - Recurso inexistente  /favicon.ico
[2022-07-05T18:34:01.537] [WARN] archivoWarning - Recurso inexistente  /productos
[2022-07-05T18:34:04.628] [WARN] archivoWarning - Recurso inexistente  /comprar
[2022-07-05T18:43:16.672] [WARN] archivoWarning - Recurso inexistente  /carrito
[2022-07-05T18:43:17.943] [WARN] archivoWarning - Recurso inexistente  /productos
[2022-07-05T18:43:18.143] [WARN] archivoWarning - Recurso inexistente  /login
[2022-07-05T18:43:19.069] [WARN] archivoWarning - Recurso inexistente  /favicon.ico
[2022-07-05T18:43:23.313] [WARN] archivoWarning - Recurso inexistente  /login
[2022-07-05T18:43:23.974] [WARN] archivoWarning - Recurso inexistente  /
[2022-07-05T18:43:24.481] [WARN] archivoWarning - Recurso inexistente  /favicon.ico
[2022-07-05T18:43:25.776] [WARN] archivoWarning - Recurso inexistente  /productos
[2022-07-05T18:43:26.309] [WARN] archivoWarning - Recurso inexistente  /favicon.ico
[2022-07-05T18:44:31.356] [WARN] archivoWarning - Recurso inexistente  /mensajes
[2022-07-05T18:44:32.080] [WARN] archivoWarning - Recurso inexistente  /favicon.ico
[2022-07-05T18:45:13.555] [WARN] archivoWarning - Recurso inexistente  /
[2022-07-05T18:45:13.583] [WARN] archivoWarning - Recurso inexistente  /login
[2022-07-05T18:45:14.018] [WARN] archivoWarning - Recurso inexistente  /favicon.ico
[2022-07-05T18:45:17.347] [WARN] archivoWarning - Recurso inexistente  /login
[2022-07-05T18:45:17.763] [WARN] archivoWarning - Recurso inexistente  /
[2022-07-05T18:45:18.171] [WARN] archivoWarning - Recurso inexistente  /favicon.ico
[2022-07-05T18:45:20.178] [WARN] archivoWarning - Recurso inexistente  /mensajes
[2022-07-05T18:45:20.580] [WARN] archivoWarning - Recurso inexistente  /favicon.ico
[2022-07-05T18:45:22.311] [WARN] archivoWarning - Recurso inexistente  /productos
[2022-07-05T18:45:22.813] [WARN] archivoWarning - Recurso inexistente  /favicon.ico
[2022-07-05T18:45:32.487] [WARN] archivoWarning - Recurso inexistente  /productos?
[2022-07-05T18:45:33.091] [WARN] archivoWarning - Recurso inexistente  /favicon.ico
[2022-07-05T18:46:56.986] [WARN] archivoWarning - Recurso inexistente  /carrito
[2022-07-05T18:46:58.203] [WARN] archivoWarning - Recurso inexistente  /productos?
[2022-07-05T18:46:58.805] [WARN] archivoWarning - Recurso inexistente  /favicon.ico
[2022-07-05T18:47:05.385] [WARN] archivoWarning - Recurso inexistente  /productos?
[2022-07-05T18:47:05.934] [WARN] archivoWarning - Recurso inexistente  /favicon.ico
[2022-07-05T18:50:48.751] [WARN] archivoWarning - Recurso inexistente  /mensajes
[2022-07-05T18:50:48.776] [WARN] archivoWarning - Recurso inexistente  /login
[2022-07-05T18:50:49.168] [WARN] archivoWarning - Recurso inexistente  /favicon.ico
[2022-07-05T18:50:53.200] [WARN] archivoWarning - Recurso inexistente  /login
[2022-07-05T18:50:53.692] [WARN] archivoWarning - Recurso inexistente  /
[2022-07-05T18:50:54.325] [WARN] archivoWarning - Recurso inexistente  /favicon.ico
[2022-07-05T18:50:56.026] [WARN] archivoWarning - Recurso inexistente  /carrito
[2022-07-05T18:51:02.499] [WARN] archivoWarning - Recurso inexistente  /
[2022-07-05T18:51:03.187] [WARN] archivoWarning - Recurso inexistente  /favicon.ico
[2022-07-05T18:51:04.166] [WARN] archivoWarning - Recurso inexistente  /productos
[2022-07-05T18:51:04.677] [WARN] archivoWarning - Recurso inexistente  /favicon.ico
[2022-07-05T18:51:29.995] [WARN] archivoWarning - Recurso inexistente  /productos
[2022-07-05T18:51:30.023] [WARN] archivoWarning - Recurso inexistente  /login
[2022-07-05T18:51:30.825] [WARN] archivoWarning - Recurso inexistente  /favicon.ico
[2022-07-05T18:51:33.981] [WARN] archivoWarning - Recurso inexistente  /login
[2022-07-05T18:51:34.428] [WARN] archivoWarning - Recurso inexistente  /
[2022-07-05T18:51:34.908] [WARN] archivoWarning - Recurso inexistente  /favicon.ico
[2022-07-05T18:51:37.418] [WARN] archivoWarning - Recurso inexistente  /productos
[2022-07-05T18:51:37.966] [WARN] archivoWarning - Recurso inexistente  /favicon.ico
[2022-07-05T18:51:44.427] [WARN] archivoWarning - Recurso inexistente  /productos?
[2022-07-05T18:51:44.876] [WARN] archivoWarning - Recurso inexistente  /favicon.ico
[2022-07-05T18:54:17.022] [WARN] archivoWarning - Recurso inexistente  /mensajes
[2022-07-05T18:54:17.046] [WARN] archivoWarning - Recurso inexistente  /login
[2022-07-05T18:54:20.258] [WARN] archivoWarning - Recurso inexistente  /login
[2022-07-05T18:54:20.700] [WARN] archivoWarning - Recurso inexistente  /
[2022-07-05T18:54:22.908] [WARN] archivoWarning - Recurso inexistente  /productos
[2022-07-05T18:54:32.137] [WARN] archivoWarning - Recurso inexistente  /productos?
[2022-07-05T18:54:33.001] [WARN] archivoWarning - Recurso inexistente  /favicon.ico
[2022-07-05T18:54:59.201] [WARN] archivoWarning - Recurso inexistente  /productos?
[2022-07-05T18:54:59.242] [WARN] archivoWarning - Recurso inexistente  /login
[2022-07-05T18:54:59.768] [WARN] archivoWarning - Recurso inexistente  /favicon.ico
[2022-07-05T18:55:09.905] [WARN] archivoWarning - Recurso inexistente  /login
[2022-07-05T18:55:10.365] [WARN] archivoWarning - Recurso inexistente  /
[2022-07-05T18:55:11.292] [WARN] archivoWarning - Recurso inexistente  /favicon.ico
[2022-07-05T18:55:12.020] [WARN] archivoWarning - Recurso inexistente  /productos
[2022-07-05T18:55:12.741] [WARN] archivoWarning - Recurso inexistente  /favicon.ico
[2022-07-05T18:55:16.687] [WARN] archivoWarning - Recurso inexistente  /productos?
[2022-07-05T18:55:17.387] [WARN] archivoWarning - Recurso inexistente  /favicon.ico
[2022-07-05T18:55:35.617] [WARN] archivoWarning - Recurso inexistente  /productos?
[2022-07-05T18:55:35.651] [WARN] archivoWarning - Recurso inexistente  /login
[2022-07-05T18:55:36.447] [WARN] archivoWarning - Recurso inexistente  /favicon.ico
[2022-07-05T18:55:39.623] [WARN] archivoWarning - Recurso inexistente  /login
[2022-07-05T18:55:40.060] [WARN] archivoWarning - Recurso inexistente  /
[2022-07-05T18:55:40.794] [WARN] archivoWarning - Recurso inexistente  /favicon.ico
[2022-07-05T18:55:42.029] [WARN] archivoWarning - Recurso inexistente  /productos
[2022-07-05T18:55:42.686] [WARN] archivoWarning - Recurso inexistente  /favicon.ico
[2022-07-05T19:20:08.088] [WARN] archivoWarning - Recurso inexistente  /productos
[2022-07-05T19:20:08.129] [WARN] archivoWarning - Recurso inexistente  /login
[2022-07-05T19:20:08.835] [WARN] archivoWarning - Recurso inexistente  /favicon.ico
[2022-07-05T19:20:12.939] [WARN] archivoWarning - Recurso inexistente  /login
[2022-07-05T19:20:13.521] [WARN] archivoWarning - Recurso inexistente  /
[2022-07-05T19:20:14.142] [WARN] archivoWarning - Recurso inexistente  /favicon.ico
[2022-07-05T19:20:34.369] [WARN] archivoWarning - Recurso inexistente  /productos
[2022-07-05T19:20:34.944] [WARN] archivoWarning - Recurso inexistente  /favicon.ico
